<?xml version="1.0" encoding="UTF-8"?>
<!-- Generated by org.testng.reporters.JUnitXMLReporter -->
<testsuite hostname="DESKTOP-MB16O9P" name="api" tests="52" failures="1" timestamp="28 Aug 2017 07:28:11 GMT" time="42.847" errors="0">
  <testcase name="checkAddressPhone" time="0.887" classname="com.zzkg.cases.addaddress.AddAddress"/>
  <testcase name="checkAddressPhone" time="0.512" classname="com.zzkg.cases.addaddress.AddAddress"/>
  <testcase name="checkAddressPhone" time="0.507" classname="com.zzkg.cases.addaddress.AddAddress"/>
  <testcase name="checkAddressPhone" time="0.626" classname="com.zzkg.cases.addaddress.AddAddress"/>
  <testcase name="checkAddressPhone" time="0.48" classname="com.zzkg.cases.addaddress.AddAddress"/>
  <testcase name="checkAddressPhone" time="0.418" classname="com.zzkg.cases.addaddress.AddAddress"/>
  <testcase name="checkAddressPhone" time="0.426" classname="com.zzkg.cases.addaddress.AddAddress"/>
  <testcase name="checkAddressPhone" time="0.454" classname="com.zzkg.cases.addaddress.AddAddress"/>
  <testcase name="checkAddressPhone" time="0.463" classname="com.zzkg.cases.addaddress.AddAddress"/>
  <testcase name="checkAddressPhone" time="0.443" classname="com.zzkg.cases.addaddress.AddAddress"/>
  <testcase name="checkAddressPhone" time="0.443" classname="com.zzkg.cases.addaddress.AddAddress"/>
  <testcase name="checkAddressPhone" time="0.418" classname="com.zzkg.cases.addaddress.AddAddress"/>
  <testcase name="checkAddressPhone" time="0.448" classname="com.zzkg.cases.addaddress.AddAddress"/>
  <testcase name="checkAddressPhone" time="0.408" classname="com.zzkg.cases.addaddress.AddAddress"/>
  <testcase name="checkAddressPhone" time="0.413" classname="com.zzkg.cases.addaddress.AddAddress"/>
  <testcase name="checkAddressPhone" time="0.405" classname="com.zzkg.cases.addaddress.AddAddress"/>
  <testcase name="checkAddressPhone" time="0.41" classname="com.zzkg.cases.addaddress.AddAddress"/>
  <testcase name="checkAddressPhone" time="0.426" classname="com.zzkg.cases.addaddress.AddAddress"/>
  <testcase name="checkAddressPhone" time="0.418" classname="com.zzkg.cases.addaddress.AddAddress"/>
  <testcase name="checkAddressPhone" time="0.399" classname="com.zzkg.cases.addaddress.AddAddress"/>
  <testcase name="checkAddressPhone" time="0.4" classname="com.zzkg.cases.addaddress.AddAddress"/>
  <testcase name="checkAddressPhone" time="0.412" classname="com.zzkg.cases.addaddress.AddAddress"/>
  <testcase name="checkAddressPhone" time="0.422" classname="com.zzkg.cases.addaddress.AddAddress"/>
  <testcase name="checkAddressPhone" time="0.404" classname="com.zzkg.cases.addaddress.AddAddress"/>
  <testcase name="checkAddressPhone" time="0.397" classname="com.zzkg.cases.addaddress.AddAddress"/>
  <testcase name="checkAddressPhone" time="0.406" classname="com.zzkg.cases.addaddress.AddAddress"/>
  <testcase name="checkAddressPhone" time="0.444" classname="com.zzkg.cases.addaddress.AddAddress"/>
  <testcase name="checkAddressPhone" time="0.393" classname="com.zzkg.cases.addaddress.AddAddress"/>
  <testcase name="checkAddressPhone" time="0.406" classname="com.zzkg.cases.addaddress.AddAddress"/>
  <testcase name="checkAddressPhone" time="0.469" classname="com.zzkg.cases.addaddress.AddAddress"/>
  <testcase name="checkAddressPhone" time="0.439" classname="com.zzkg.cases.addaddress.AddAddress"/>
  <testcase name="checkAddressPhone" time="0.425" classname="com.zzkg.cases.addaddress.AddAddress"/>
  <testcase name="checkAddressPhone" time="0.393" classname="com.zzkg.cases.addaddress.AddAddress"/>
  <testcase name="checkAddressPhone" time="0.417" classname="com.zzkg.cases.addaddress.AddAddress"/>
  <testcase name="checkAddressPhone" time="0.415" classname="com.zzkg.cases.addaddress.AddAddress"/>
  <testcase name="checkAddressPhone" time="0.406" classname="com.zzkg.cases.addaddress.AddAddress"/>
  <testcase name="checkAddressPhone" time="0.392" classname="com.zzkg.cases.addaddress.AddAddress"/>
  <testcase name="checkAddressPhone" time="0.397" classname="com.zzkg.cases.addaddress.AddAddress"/>
  <testcase name="checkAddressPhone" time="0.397" classname="com.zzkg.cases.addaddress.AddAddress"/>
  <testcase name="checkAddressPhone" time="0.441" classname="com.zzkg.cases.addaddress.AddAddress"/>
  <testcase name="checkAddressPhone" time="0.448" classname="com.zzkg.cases.addaddress.AddAddress"/>
  <testcase name="checkAddressPhone" time="0.459" classname="com.zzkg.cases.addaddress.AddAddress"/>
  <testcase name="checkAddressPhone" time="0.386" classname="com.zzkg.cases.addaddress.AddAddress"/>
  <testcase name="exchangeGift" time="0.434" classname="com.zzkg.cases.gift.ExchangeGift"/>
  <testcase name="exchangeGift" time="0.41" classname="com.zzkg.cases.gift.ExchangeGift">
    <failure type="java.lang.AssertionError" message="expected [true] but found [false]">
      <![CDATA[java.lang.AssertionError: expected [true] but found [false]
	at com.zzkg.cases.gift.ExchangeGift.exchangeGift(ExchangeGift.java:35)
... Removed 27 stack frames]]>
    </failure>
  </testcase> <!-- exchangeGift -->
  <testcase name="exchangeGift" time="0.436" classname="com.zzkg.cases.gift.ExchangeGift"/>
  <testcase name="exchangeGift" time="0.409" classname="com.zzkg.cases.gift.ExchangeGift"/>
  <testcase name="exchangeGift" time="0.405" classname="com.zzkg.cases.gift.ExchangeGift"/>
  <testcase name="oneGiftInOrder" time="3.878" classname="com.zzkg.cases.buy.BuyProcess"/>
  <testcase name="oneGoodsInOrder" time="2.862" classname="com.zzkg.cases.buy.BuyProcess"/>
  <testcase name="twoDifferentGiftsInOrder" time="3.306" classname="com.zzkg.cases.buy.BuyProcess"/>
  <testcase name="twoDifferentGoodsInOrder" time="3.481" classname="com.zzkg.cases.buy.BuyProcess"/>
</testsuite> <!-- api -->
