<?xml version="1.0" encoding="UTF-8"?>
<!-- Generated by org.testng.reporters.JUnitXMLReporter -->
<testsuite hostname="DESKTOP-MB16O9P" ignored="0" name="api" tests="43" failures="0" timestamp="25 八月 2017 08:25:11 GMT" time="17.585" errors="0">
  <testcase name="addAddress" time="0.769" classname="com.zzkg.cases.addaddress.CheckAddressPhone"/>
  <testcase name="addAddress" time="0.434" classname="com.zzkg.cases.addaddress.CheckAddressPhone"/>
  <testcase name="addAddress" time="0.418" classname="com.zzkg.cases.addaddress.CheckAddressPhone"/>
  <testcase name="addAddress" time="0.401" classname="com.zzkg.cases.addaddress.CheckAddressPhone"/>
  <testcase name="addAddress" time="0.375" classname="com.zzkg.cases.addaddress.CheckAddressPhone"/>
  <testcase name="addAddress" time="0.427" classname="com.zzkg.cases.addaddress.CheckAddressPhone"/>
  <testcase name="addAddress" time="0.417" classname="com.zzkg.cases.addaddress.CheckAddressPhone"/>
  <testcase name="addAddress" time="0.405" classname="com.zzkg.cases.addaddress.CheckAddressPhone"/>
  <testcase name="addAddress" time="0.419" classname="com.zzkg.cases.addaddress.CheckAddressPhone"/>
  <testcase name="addAddress" time="0.367" classname="com.zzkg.cases.addaddress.CheckAddressPhone"/>
  <testcase name="addAddress" time="0.412" classname="com.zzkg.cases.addaddress.CheckAddressPhone"/>
  <testcase name="addAddress" time="0.382" classname="com.zzkg.cases.addaddress.CheckAddressPhone"/>
  <testcase name="addAddress" time="0.411" classname="com.zzkg.cases.addaddress.CheckAddressPhone"/>
  <testcase name="addAddress" time="0.407" classname="com.zzkg.cases.addaddress.CheckAddressPhone"/>
  <testcase name="addAddress" time="0.376" classname="com.zzkg.cases.addaddress.CheckAddressPhone"/>
  <testcase name="addAddress" time="0.387" classname="com.zzkg.cases.addaddress.CheckAddressPhone"/>
  <testcase name="addAddress" time="0.396" classname="com.zzkg.cases.addaddress.CheckAddressPhone"/>
  <testcase name="addAddress" time="0.359" classname="com.zzkg.cases.addaddress.CheckAddressPhone"/>
  <testcase name="addAddress" time="0.368" classname="com.zzkg.cases.addaddress.CheckAddressPhone"/>
  <testcase name="addAddress" time="0.388" classname="com.zzkg.cases.addaddress.CheckAddressPhone"/>
  <testcase name="addAddress" time="0.372" classname="com.zzkg.cases.addaddress.CheckAddressPhone"/>
  <testcase name="addAddress" time="0.37" classname="com.zzkg.cases.addaddress.CheckAddressPhone"/>
  <testcase name="addAddress" time="0.362" classname="com.zzkg.cases.addaddress.CheckAddressPhone"/>
  <testcase name="addAddress" time="0.365" classname="com.zzkg.cases.addaddress.CheckAddressPhone"/>
  <testcase name="addAddress" time="0.386" classname="com.zzkg.cases.addaddress.CheckAddressPhone"/>
  <testcase name="addAddress" time="0.358" classname="com.zzkg.cases.addaddress.CheckAddressPhone"/>
  <testcase name="addAddress" time="0.383" classname="com.zzkg.cases.addaddress.CheckAddressPhone"/>
  <testcase name="addAddress" time="0.365" classname="com.zzkg.cases.addaddress.CheckAddressPhone"/>
  <testcase name="addAddress" time="0.388" classname="com.zzkg.cases.addaddress.CheckAddressPhone"/>
  <testcase name="addAddress" time="0.411" classname="com.zzkg.cases.addaddress.CheckAddressPhone"/>
  <testcase name="addAddress" time="0.361" classname="com.zzkg.cases.addaddress.CheckAddressPhone"/>
  <testcase name="addAddress" time="0.402" classname="com.zzkg.cases.addaddress.CheckAddressPhone"/>
  <testcase name="addAddress" time="0.369" classname="com.zzkg.cases.addaddress.CheckAddressPhone"/>
  <testcase name="addAddress" time="0.371" classname="com.zzkg.cases.addaddress.CheckAddressPhone"/>
  <testcase name="addAddress" time="0.348" classname="com.zzkg.cases.addaddress.CheckAddressPhone"/>
  <testcase name="addAddress" time="0.359" classname="com.zzkg.cases.addaddress.CheckAddressPhone"/>
  <testcase name="addAddress" time="0.354" classname="com.zzkg.cases.addaddress.CheckAddressPhone"/>
  <testcase name="addAddress" time="0.398" classname="com.zzkg.cases.addaddress.CheckAddressPhone"/>
  <testcase name="addAddress" time="0.412" classname="com.zzkg.cases.addaddress.CheckAddressPhone"/>
  <testcase name="addAddress" time="0.375" classname="com.zzkg.cases.addaddress.CheckAddressPhone"/>
  <testcase name="addAddress" time="0.372" classname="com.zzkg.cases.addaddress.CheckAddressPhone"/>
  <testcase name="addAddress" time="0.361" classname="com.zzkg.cases.addaddress.CheckAddressPhone"/>
  <testcase name="addAddress" time="0.391" classname="com.zzkg.cases.addaddress.CheckAddressPhone"/>
</testsuite> <!-- api -->
