<?xml version="1.0" encoding="UTF-8"?>
<!-- Generated by org.testng.reporters.JUnitXMLReporter -->
<testsuite hostname="DESKTOP-M6L880B" ignored="0" name="Test" tests="4" failures="4" timestamp="05 九月 2017 16:00:38 GMT" time="4.093" errors="0">
  <testcase name="oneGoodsInOrder" time="0.64" classname="com.zzkg.cases.buy.BuyProcess">
    <failure type="java.lang.AssertionError" message="expected [true] but found [false]">
      <![CDATA[java.lang.AssertionError: expected [true] but found [false]
	at com.zzkg.cases.buy.BuyProcess.oneGoodsInOrder(BuyProcess.java:27)
... Removed 29 stack frames]]>
    </failure>
  </testcase> <!-- oneGoodsInOrder -->
  <testcase name="oneGoodsInOrder" time="0.482" classname="com.zzkg.cases.buy.BuyProcess">
    <failure type="java.lang.AssertionError" message="expected [true] but found [false]">
      <![CDATA[java.lang.AssertionError: expected [true] but found [false]
	at com.zzkg.cases.buy.BuyProcess.oneGoodsInOrder(BuyProcess.java:27)
... Removed 29 stack frames]]>
    </failure>
  </testcase> <!-- oneGoodsInOrder -->
  <testcase name="oneGoodsInOrder" time="0.485" classname="com.zzkg.cases.buy.BuyProcess">
    <failure type="java.lang.AssertionError" message="expected [true] but found [false]">
      <![CDATA[java.lang.AssertionError: expected [true] but found [false]
	at com.zzkg.cases.buy.BuyProcess.oneGoodsInOrder(BuyProcess.java:27)
... Removed 29 stack frames]]>
    </failure>
  </testcase> <!-- oneGoodsInOrder -->
  <testcase name="oneGoodsInOrder" time="0.525" classname="com.zzkg.cases.buy.BuyProcess">
    <failure type="java.lang.AssertionError" message="expected [true] but found [false]">
      <![CDATA[java.lang.AssertionError: expected [true] but found [false]
	at com.zzkg.cases.buy.BuyProcess.oneGoodsInOrder(BuyProcess.java:27)
... Removed 29 stack frames]]>
    </failure>
  </testcase> <!-- oneGoodsInOrder -->
</testsuite> <!-- Test -->
