<?xml version="1.0" encoding="UTF-8"?>
<!-- Generated by org.testng.reporters.JUnitXMLReporter -->
<testsuite hostname="DESKTOP-MB16O9P" ignored="0" name="Test" tests="4" failures="1" timestamp="06 九月 2017 01:16:39 GMT" time="4.046" errors="0">
  <testcase name="oneGoodsInOrder" time="0.57" classname="com.zzkg.cases.buy.BuyProcess"/>
  <testcase name="oneGoodsInOrder" time="0.546" classname="com.zzkg.cases.buy.BuyProcess">
    <failure type="java.lang.AssertionError" message="expected [true] but found [false]">
      <![CDATA[java.lang.AssertionError: expected [true] but found [false]
	at com.zzkg.cases.buy.BuyProcess.oneGoodsInOrder(BuyProcess.java:27)
... Removed 29 stack frames]]>
    </failure>
  </testcase> <!-- oneGoodsInOrder -->
  <testcase name="oneGoodsInOrder" time="0.451" classname="com.zzkg.cases.buy.BuyProcess"/>
  <testcase name="oneGoodsInOrder" time="0.522" classname="com.zzkg.cases.buy.BuyProcess"/>
</testsuite> <!-- Test -->
