<?xml version="1.0" encoding="UTF-8"?>
<!-- Generated by org.testng.reporters.JUnitXMLReporter -->
<testsuite hostname="DESKTOP-MB16O9P" ignored="2" name="zzkgTest" tests="9" failures="2" timestamp="07 九月 2017 10:00:31 GMT" time="14.307" errors="0">
  <testcase name="addGoodsToCart" time="0.824" classname="com.zzkg.apicases.ZzkgApiCases"/>
  <testcase name="addGoodsToCart" time="0.452" classname="com.zzkg.apicases.ZzkgApiCases">
    <failure type="java.lang.AssertionError" message="expected [true] but found [false]">
      <![CDATA[java.lang.AssertionError: expected [true] but found [false]
	at com.zzkg.apicases.ZzkgApiCases.addGoodsToCart(ZzkgApiCases.java:35)
... Removed 29 stack frames]]>
    </failure>
  </testcase> <!-- addGoodsToCart -->
  <testcase name="addGoodsToCart" time="0.466" classname="com.zzkg.apicases.ZzkgApiCases"/>
  <testcase name="addGoodsToCart" time="0.863" classname="com.zzkg.apicases.ZzkgApiCases"/>
  <testcase name="exchangeGift" time="0.451" classname="com.zzkg.apicases.ZzkgApiCases"/>
  <testcase name="exchangeGift" time="0.44" classname="com.zzkg.apicases.ZzkgApiCases"/>
  <testcase name="exchangeGift" time="0.448" classname="com.zzkg.apicases.ZzkgApiCases"/>
  <testcase name="exchangeGift" time="0.425" classname="com.zzkg.apicases.ZzkgApiCases">
    <failure type="java.lang.AssertionError" message="expected [true] but found [false]">
      <![CDATA[java.lang.AssertionError: expected [true] but found [false]
	at com.zzkg.apicases.ZzkgApiCases.exchangeGift(ZzkgApiCases.java:53)
... Removed 29 stack frames]]>
    </failure>
  </testcase> <!-- exchangeGift -->
  <testcase name="exchangeGift" time="0.399" classname="com.zzkg.apicases.ZzkgApiCases"/>
  <testcase name="quickBuy" time="0.0" classname="com.zzkg.apicases.ZzkgApiCases">
    <ignored/>
  </testcase> <!-- quickBuy -->
  <testcase name="checkAddAddress" time="0.0" classname="com.zzkg.apicases.ZzkgApiCases">
    <ignored/>
  </testcase> <!-- checkAddAddress -->
</testsuite> <!-- zzkgTest -->
