<?xml version="1.0" encoding="UTF-8"?>
<!-- Generated by org.testng.reporters.JUnitXMLReporter -->
<testsuite hostname="DESKTOP-MB16O9P" ignored="3" name="zzkgApiTest" tests="4" failures="1" timestamp="11 九月 2017 10:21:48 GMT" time="8.169" errors="0">
  <testcase name="addGoodsToCart" time="0.513" classname="com.zzkg.apicases.ZzkgApiCases"/>
  <testcase name="addGoodsToCart" time="0.448" classname="com.zzkg.apicases.ZzkgApiCases">
    <failure type="java.lang.AssertionError" message="expected [true] but found [false]">
      <![CDATA[java.lang.AssertionError: expected [true] but found [false]
	at com.zzkg.apicases.ZzkgApiCases.addGoodsToCart(ZzkgApiCases.java:36)
... Removed 29 stack frames]]>
    </failure>
  </testcase> <!-- addGoodsToCart -->
  <testcase name="addGoodsToCart" time="0.413" classname="com.zzkg.apicases.ZzkgApiCases"/>
  <testcase name="addGoodsToCart" time="0.492" classname="com.zzkg.apicases.ZzkgApiCases"/>
  <testcase name="quickBuy" time="0.0" classname="com.zzkg.apicases.ZzkgApiCases">
    <ignored/>
  </testcase> <!-- quickBuy -->
  <testcase name="exchangeGift" time="0.0" classname="com.zzkg.apicases.ZzkgApiCases">
    <ignored/>
  </testcase> <!-- exchangeGift -->
  <testcase name="checkAddAddress" time="0.0" classname="com.zzkg.apicases.ZzkgApiCases">
    <ignored/>
  </testcase> <!-- checkAddAddress -->
</testsuite> <!-- zzkgApiTest -->
