<!DOCTYPE html PUBLIC "-//W3C//DTD XHTML 1.1//EN" "http://www.w3.org/TR/xhtml11/DTD/xhtml11.dtd">
<html xmlns="http://www.w3.org/1999/xhtml"><head><title>TestNG Report</title><style type="text/css">table {margin-bottom:10px;border-collapse:collapse;empty-cells:show}th,td {border:1px solid #009;padding:.25em .5em}th {vertical-align:bottom}td {vertical-align:top}table a {font-weight:bold}.stripe td {background-color: #E6EBF9}.num {text-align:right}.passedodd td {background-color: #3F3}.passedeven td {background-color: #0A0}.skippedodd td {background-color: #DDD}.skippedeven td {background-color: #CCC}.failedodd td,.attn {background-color: #F33}.failedeven td,.stripe .attn {background-color: #D00}.stacktrace {white-space:pre;font-family:monospace}.totop {font-size:85%;text-align:center;border-bottom:2px solid #000}</style></head><body><table><tr><th>Test</th><th># Passed</th><th># Skipped</th><th># Failed</th><th>Time (ms)</th><th>Included Groups</th><th>Excluded Groups</th></tr><tr><th colspan="7">Suite</th></tr><tr><td><a href="#t0">zzkgTest</a></td><td class="num">2</td><td class="num">0</td><td class="num attn">2</td><td class="num">5,278</td><td></td><td></td></tr></table><table id='summary'><thead><tr><th>Class</th><th>Method</th><th>Start</th><th>Time (ms)</th></tr></thead><tbody><tr><th colspan="4">Suite</th></tr></tbody><tbody id="t0"><tr><th colspan="4">zzkgTest &#8212; failed</th></tr><tr class="failedeven"><td rowspan="2">com.zzkg.cases.find.FindModule</td><td><a href="#m0">quickBuy</a></td><td rowspan="2">1504693806133</td><td rowspan="2">462</td></tr><tr class="failedeven"><td><a href="#m1">quickBuy</a></td></tr><tr><th colspan="4">zzkgTest &#8212; passed</th></tr><tr class="passedeven"><td rowspan="2">com.zzkg.cases.find.FindModule</td><td><a href="#m2">quickBuy</a></td><td rowspan="2">1504693804557</td><td rowspan="2">820</td></tr><tr class="passedeven"><td><a href="#m3">quickBuy</a></td></tr></tbody></table><h2>zzkgTest</h2><h3 id="m0">com.zzkg.cases.find.FindModule#quickBuy</h3><table class="result"><tr class="param"><th>Parameter #1</th><th>Parameter #2</th></tr><tr class="param stripe"><td>[{&quot;dealCount&quot;:0,&quot;dealId&quot;:950619},{&quot;dealCount&quot;:1,&quot;dealId&quot;:950637}]</td><td>1</td></tr><tr><th colspan="2">Exception</th></tr><tr><td colspan="2"><div class="stacktrace">java.lang.AssertionError: expected [true] but found [false]
	at com.zzkg.cases.find.FindModule.quickBuy(FindModule.java:29)
... Removed 29 stack frames</div></td></tr></table><p class="totop"><a href="#summary">back to summary</a></p><h3 id="m1">com.zzkg.cases.find.FindModule#quickBuy</h3><table class="result"><tr class="param"><th>Parameter #1</th><th>Parameter #2</th></tr><tr class="param stripe"><td>[{&quot;dealCount&quot;:30,&quot;dealId&quot;:950619},{&quot;dealCount&quot;:1,&quot;dealId&quot;:950637}]</td><td>21</td></tr><tr><th colspan="2">Exception</th></tr><tr><td colspan="2"><div class="stacktrace">java.lang.AssertionError: expected [true] but found [false]
	at com.zzkg.cases.find.FindModule.quickBuy(FindModule.java:29)
... Removed 29 stack frames</div></td></tr></table><p class="totop"><a href="#summary">back to summary</a></p><h3 id="m2">com.zzkg.cases.find.FindModule#quickBuy</h3><table class="result"><tr class="param"><th>Parameter #1</th><th>Parameter #2</th></tr><tr class="param stripe"><td>[{&quot;dealCount&quot;:1,&quot;dealId&quot;:950619},{&quot;dealCount&quot;:1,&quot;dealId&quot;:950637}]</td><td>2</td></tr></table><p class="totop"><a href="#summary">back to summary</a></p><h3 id="m3">com.zzkg.cases.find.FindModule#quickBuy</h3><table class="result"><tr class="param"><th>Parameter #1</th><th>Parameter #2</th></tr><tr class="param stripe"><td>[{&quot;dealCount&quot;:-1,&quot;dealId&quot;:950619},{&quot;dealCount&quot;:1,&quot;dealId&quot;:950637}]</td><td>1</td></tr></table><p class="totop"><a href="#summary">back to summary</a></p></body></html>