<?xml version="1.0" encoding="UTF-8"?>
<testng-results skipped="0" failed="0" ignored="0" total="1" passed="1">
  <reporter-output>
  </reporter-output>
  <suite name="Suite" duration-ms="810" started-at="2017-08-22T09:59:24Z" finished-at="2017-08-22T09:59:25Z">
    <groups>
    </groups>
    <test name="Test" duration-ms="810" started-at="2017-08-22T09:59:24Z" finished-at="2017-08-22T09:59:25Z">
      <class name="com.zzkg.cases.cart.CheckCart">
        <test-method status="PASS" signature="beforeClass()[pri:0, instance:com.zzkg.cases.cart.CheckCart@29ee9faa]" name="beforeClass" is-config="true" duration-ms="73" started-at="2017-08-22T17:59:24Z" finished-at="2017-08-22T17:59:24Z">
          <reporter-output>
          </reporter-output>
        </test-method> <!-- beforeClass -->
        <test-method status="PASS" signature="checkCart()[pri:0, instance:com.zzkg.cases.cart.CheckCart@29ee9faa]" name="checkCart" duration-ms="718" started-at="2017-08-22T17:59:24Z" finished-at="2017-08-22T17:59:25Z">
          <reporter-output>
          </reporter-output>
        </test-method> <!-- checkCart -->
        <test-method status="PASS" signature="afterClass()[pri:0, instance:com.zzkg.cases.cart.CheckCart@29ee9faa]" name="afterClass" is-config="true" duration-ms="1" started-at="2017-08-22T17:59:25Z" finished-at="2017-08-22T17:59:25Z">
          <reporter-output>
          </reporter-output>
        </test-method> <!-- afterClass -->
      </class> <!-- com.zzkg.cases.cart.CheckCart -->
    </test> <!-- Test -->
  </suite> <!-- Suite -->
</testng-results>
