<?xml version="1.0" encoding="UTF-8"?>
<testng-results skipped="0" failed="2" ignored="0" total="4" passed="2">
  <reporter-output>
  </reporter-output>
  <suite name="Suite" duration-ms="5278" started-at="2017-09-06T10:30:03Z" finished-at="2017-09-06T10:30:08Z">
    <groups>
    </groups>
    <test name="zzkgTest" duration-ms="5278" started-at="2017-09-06T10:30:03Z" finished-at="2017-09-06T10:30:08Z">
      <class name="com.zzkg.cases.find.FindModule">
        <test-method status="PASS" signature="beforeClass()[pri:0, instance:com.zzkg.cases.find.FindModule@4b9e13df]" name="beforeClass" is-config="true" duration-ms="64" started-at="2017-09-06T18:30:03Z" finished-at="2017-09-06T18:30:03Z">
          <reporter-output>
          </reporter-output>
        </test-method> <!-- beforeClass -->
        <test-method status="PASS" signature="beforeMethod()[pri:0, instance:com.zzkg.cases.find.FindModule@4b9e13df]" name="beforeMethod" is-config="true" duration-ms="728" started-at="2017-09-06T18:30:03Z" finished-at="2017-09-06T18:30:04Z">
          <reporter-output>
          </reporter-output>
        </test-method> <!-- beforeMethod -->
        <test-method status="PASS" signature="quickBuy(java.lang.String, java.lang.String)[pri:1, instance:com.zzkg.cases.find.FindModule@4b9e13df]" name="quickBuy" duration-ms="820" started-at="2017-09-06T18:30:04Z" data-provider="quickBuy" finished-at="2017-09-06T18:30:05Z">
          <params>
            <param index="0">
              <value>
                <![CDATA[[{"dealCount":1,"dealId":950619},{"dealCount":1,"dealId":950637}]]]>
              </value>
            </param>
            <param index="1">
              <value>
                <![CDATA[2]]>
              </value>
            </param>
          </params>
          <reporter-output>
          </reporter-output>
        </test-method> <!-- quickBuy -->
        <test-method status="PASS" signature="afterMethod()[pri:0, instance:com.zzkg.cases.find.FindModule@4b9e13df]" name="afterMethod" is-config="true" duration-ms="365" started-at="2017-09-06T18:30:05Z" finished-at="2017-09-06T18:30:05Z">
          <reporter-output>
          </reporter-output>
        </test-method> <!-- afterMethod -->
        <test-method status="PASS" signature="beforeMethod()[pri:0, instance:com.zzkg.cases.find.FindModule@4b9e13df]" name="beforeMethod" is-config="true" duration-ms="390" started-at="2017-09-06T18:30:05Z" finished-at="2017-09-06T18:30:06Z">
          <reporter-output>
          </reporter-output>
        </test-method> <!-- beforeMethod -->
        <test-method status="FAIL" signature="quickBuy(java.lang.String, java.lang.String)[pri:1, instance:com.zzkg.cases.find.FindModule@4b9e13df]" name="quickBuy" duration-ms="462" started-at="2017-09-06T18:30:06Z" data-provider="quickBuy" finished-at="2017-09-06T18:30:06Z">
          <params>
            <param index="0">
              <value>
                <![CDATA[[{"dealCount":0,"dealId":950619},{"dealCount":1,"dealId":950637}]]]>
              </value>
            </param>
            <param index="1">
              <value>
                <![CDATA[1]]>
              </value>
            </param>
          </params>
          <exception class="java.lang.AssertionError">
            <message>
              <![CDATA[expected [true] but found [false]]]>
            </message>
            <full-stacktrace>
              <![CDATA[java.lang.AssertionError: expected [true] but found [false]
	at org.testng.Assert.fail(Assert.java:93)
	at org.testng.Assert.failNotEquals(Assert.java:512)
	at org.testng.Assert.assertTrue(Assert.java:41)
	at org.testng.Assert.assertTrue(Assert.java:51)
	at com.zzkg.cases.find.FindModule.quickBuy(FindModule.java:29)
	at sun.reflect.NativeMethodAccessorImpl.invoke0(Native Method)
	at sun.reflect.NativeMethodAccessorImpl.invoke(Unknown Source)
	at sun.reflect.DelegatingMethodAccessorImpl.invoke(Unknown Source)
	at java.lang.reflect.Method.invoke(Unknown Source)
	at org.testng.internal.MethodInvocationHelper.invokeMethod(MethodInvocationHelper.java:108)
	at org.testng.internal.Invoker.invokeMethod(Invoker.java:661)
	at org.testng.internal.Invoker.invokeTestMethod(Invoker.java:869)
	at org.testng.internal.Invoker.invokeTestMethods(Invoker.java:1193)
	at org.testng.internal.TestMethodWorker.invokeTestMethods(TestMethodWorker.java:126)
	at org.testng.internal.TestMethodWorker.run(TestMethodWorker.java:109)
	at org.testng.TestRunner.privateRun(TestRunner.java:744)
	at org.testng.TestRunner.run(TestRunner.java:602)
	at org.testng.SuiteRunner.runTest(SuiteRunner.java:380)
	at org.testng.SuiteRunner.runSequentially(SuiteRunner.java:375)
	at org.testng.SuiteRunner.privateRun(SuiteRunner.java:340)
	at org.testng.SuiteRunner.run(SuiteRunner.java:289)
	at org.testng.SuiteRunnerWorker.runSuite(SuiteRunnerWorker.java:52)
	at org.testng.SuiteRunnerWorker.run(SuiteRunnerWorker.java:86)
	at org.testng.TestNG.runSuitesSequentially(TestNG.java:1301)
	at org.testng.TestNG.runSuitesLocally(TestNG.java:1226)
	at org.testng.TestNG.runSuites(TestNG.java:1144)
	at org.testng.TestNG.run(TestNG.java:1115)
	at org.testng.remote.AbstractRemoteTestNG.run(AbstractRemoteTestNG.java:132)
	at org.testng.remote.RemoteTestNG.initAndRun(RemoteTestNG.java:230)
	at org.testng.remote.RemoteTestNG.main(RemoteTestNG.java:76)
]]>
            </full-stacktrace>
          </exception> <!-- java.lang.AssertionError -->
          <reporter-output>
          </reporter-output>
        </test-method> <!-- quickBuy -->
        <test-method status="PASS" signature="afterMethod()[pri:0, instance:com.zzkg.cases.find.FindModule@4b9e13df]" name="afterMethod" is-config="true" duration-ms="215" started-at="2017-09-06T18:30:06Z" finished-at="2017-09-06T18:30:06Z">
          <reporter-output>
          </reporter-output>
        </test-method> <!-- afterMethod -->
        <test-method status="PASS" signature="beforeMethod()[pri:0, instance:com.zzkg.cases.find.FindModule@4b9e13df]" name="beforeMethod" is-config="true" duration-ms="206" started-at="2017-09-06T18:30:06Z" finished-at="2017-09-06T18:30:07Z">
          <reporter-output>
          </reporter-output>
        </test-method> <!-- beforeMethod -->
        <test-method status="FAIL" signature="quickBuy(java.lang.String, java.lang.String)[pri:1, instance:com.zzkg.cases.find.FindModule@4b9e13df]" name="quickBuy" duration-ms="409" started-at="2017-09-06T18:30:07Z" data-provider="quickBuy" finished-at="2017-09-06T18:30:07Z">
          <params>
            <param index="0">
              <value>
                <![CDATA[[{"dealCount":30,"dealId":950619},{"dealCount":1,"dealId":950637}]]]>
              </value>
            </param>
            <param index="1">
              <value>
                <![CDATA[21]]>
              </value>
            </param>
          </params>
          <exception class="java.lang.AssertionError">
            <message>
              <![CDATA[expected [true] but found [false]]]>
            </message>
            <full-stacktrace>
              <![CDATA[java.lang.AssertionError: expected [true] but found [false]
	at org.testng.Assert.fail(Assert.java:93)
	at org.testng.Assert.failNotEquals(Assert.java:512)
	at org.testng.Assert.assertTrue(Assert.java:41)
	at org.testng.Assert.assertTrue(Assert.java:51)
	at com.zzkg.cases.find.FindModule.quickBuy(FindModule.java:29)
	at sun.reflect.NativeMethodAccessorImpl.invoke0(Native Method)
	at sun.reflect.NativeMethodAccessorImpl.invoke(Unknown Source)
	at sun.reflect.DelegatingMethodAccessorImpl.invoke(Unknown Source)
	at java.lang.reflect.Method.invoke(Unknown Source)
	at org.testng.internal.MethodInvocationHelper.invokeMethod(MethodInvocationHelper.java:108)
	at org.testng.internal.Invoker.invokeMethod(Invoker.java:661)
	at org.testng.internal.Invoker.invokeTestMethod(Invoker.java:869)
	at org.testng.internal.Invoker.invokeTestMethods(Invoker.java:1193)
	at org.testng.internal.TestMethodWorker.invokeTestMethods(TestMethodWorker.java:126)
	at org.testng.internal.TestMethodWorker.run(TestMethodWorker.java:109)
	at org.testng.TestRunner.privateRun(TestRunner.java:744)
	at org.testng.TestRunner.run(TestRunner.java:602)
	at org.testng.SuiteRunner.runTest(SuiteRunner.java:380)
	at org.testng.SuiteRunner.runSequentially(SuiteRunner.java:375)
	at org.testng.SuiteRunner.privateRun(SuiteRunner.java:340)
	at org.testng.SuiteRunner.run(SuiteRunner.java:289)
	at org.testng.SuiteRunnerWorker.runSuite(SuiteRunnerWorker.java:52)
	at org.testng.SuiteRunnerWorker.run(SuiteRunnerWorker.java:86)
	at org.testng.TestNG.runSuitesSequentially(TestNG.java:1301)
	at org.testng.TestNG.runSuitesLocally(TestNG.java:1226)
	at org.testng.TestNG.runSuites(TestNG.java:1144)
	at org.testng.TestNG.run(TestNG.java:1115)
	at org.testng.remote.AbstractRemoteTestNG.run(AbstractRemoteTestNG.java:132)
	at org.testng.remote.RemoteTestNG.initAndRun(RemoteTestNG.java:230)
	at org.testng.remote.RemoteTestNG.main(RemoteTestNG.java:76)
]]>
            </full-stacktrace>
          </exception> <!-- java.lang.AssertionError -->
          <reporter-output>
          </reporter-output>
        </test-method> <!-- quickBuy -->
        <test-method status="PASS" signature="afterMethod()[pri:0, instance:com.zzkg.cases.find.FindModule@4b9e13df]" name="afterMethod" is-config="true" duration-ms="177" started-at="2017-09-06T18:30:07Z" finished-at="2017-09-06T18:30:07Z">
          <reporter-output>
          </reporter-output>
        </test-method> <!-- afterMethod -->
        <test-method status="PASS" signature="beforeMethod()[pri:0, instance:com.zzkg.cases.find.FindModule@4b9e13df]" name="beforeMethod" is-config="true" duration-ms="226" started-at="2017-09-06T18:30:07Z" finished-at="2017-09-06T18:30:07Z">
          <reporter-output>
          </reporter-output>
        </test-method> <!-- beforeMethod -->
        <test-method status="PASS" signature="quickBuy(java.lang.String, java.lang.String)[pri:1, instance:com.zzkg.cases.find.FindModule@4b9e13df]" name="quickBuy" duration-ms="421" started-at="2017-09-06T18:30:07Z" data-provider="quickBuy" finished-at="2017-09-06T18:30:08Z">
          <params>
            <param index="0">
              <value>
                <![CDATA[[{"dealCount":-1,"dealId":950619},{"dealCount":1,"dealId":950637}]]]>
              </value>
            </param>
            <param index="1">
              <value>
                <![CDATA[1]]>
              </value>
            </param>
          </params>
          <reporter-output>
          </reporter-output>
        </test-method> <!-- quickBuy -->
        <test-method status="PASS" signature="afterMethod()[pri:0, instance:com.zzkg.cases.find.FindModule@4b9e13df]" name="afterMethod" is-config="true" duration-ms="193" started-at="2017-09-06T18:30:08Z" finished-at="2017-09-06T18:30:08Z">
          <reporter-output>
          </reporter-output>
        </test-method> <!-- afterMethod -->
        <test-method status="PASS" signature="afterClass()[pri:0, instance:com.zzkg.cases.find.FindModule@4b9e13df]" name="afterClass" is-config="true" duration-ms="0" started-at="2017-09-06T18:30:08Z" finished-at="2017-09-06T18:30:08Z">
          <reporter-output>
          </reporter-output>
        </test-method> <!-- afterClass -->
      </class> <!-- com.zzkg.cases.find.FindModule -->
    </test> <!-- zzkgTest -->
  </suite> <!-- Suite -->
</testng-results>
