<?xml version="1.0" encoding="UTF-8"?>
<testng-results skipped="0" failed="0" ignored="0" total="1" passed="1">
  <reporter-output>
  </reporter-output>
  <suite name="Suite" duration-ms="1967" started-at="2017-09-04T16:14:58Z" finished-at="2017-09-04T16:15:00Z">
    <groups>
    </groups>
    <test name="api" duration-ms="1967" started-at="2017-09-04T16:14:58Z" finished-at="2017-09-04T16:15:00Z">
      <class name="com.zzkg.cases.addaddress.AddAddress">
        <test-method status="PASS" signature="beforeClass()[pri:0, instance:com.zzkg.cases.addaddress.AddAddress@55f3ddb1]" name="beforeClass" is-config="true" duration-ms="47" started-at="2017-09-05T00:14:58Z" finished-at="2017-09-05T00:14:58Z">
          <reporter-output>
          </reporter-output>
        </test-method> <!-- beforeClass -->
        <test-method status="PASS" signature="checkAddAddress(java.lang.String, java.lang.String)[pri:1, instance:com.zzkg.cases.addaddress.AddAddress@55f3ddb1]" name="checkAddAddress" duration-ms="892" started-at="2017-09-05T00:14:59Z" data-provider="address" finished-at="2017-09-05T00:14:59Z">
          <params>
            <param index="0">
              <value>
                <![CDATA[{"contact":"张大爷","phone":13714672776,"gender":0,"regionId":813395,"latitude":22.408965,"longitude":113.826119,"room1":"1111","village":"东角山","city1":"深圳","addressNaviId":18039,"building":"自动化测试楼栋C栋（勿删）","addressBuildingId":256}]]>
              </value>
            </param>
            <param index="1">
              <value>
                <![CDATA[成功]]>
              </value>
            </param>
          </params>
          <reporter-output>
          </reporter-output>
        </test-method> <!-- checkAddAddress -->
        <test-method status="PASS" signature="afterClass()[pri:0, instance:com.zzkg.cases.addaddress.AddAddress@55f3ddb1]" name="afterClass" is-config="true" duration-ms="568" started-at="2017-09-05T00:14:59Z" finished-at="2017-09-05T00:15:00Z">
          <reporter-output>
          </reporter-output>
        </test-method> <!-- afterClass -->
      </class> <!-- com.zzkg.cases.addaddress.AddAddress -->
    </test> <!-- api -->
  </suite> <!-- Suite -->
</testng-results>
