<?xml version="1.0" encoding="UTF-8"?>
<testng-results skipped="0" failed="1" total="5" passed="4">
  <reporter-output>
  </reporter-output>
  <suite name="Suite" duration-ms="4723" started-at="2017-08-25T15:20:49Z" finished-at="2017-08-25T15:20:54Z">
    <groups>
    </groups>
    <test name="api" duration-ms="4723" started-at="2017-08-25T15:20:49Z" finished-at="2017-08-25T15:20:54Z">
      <class name="com.zzkg.cases.gift.ExchangeGift">
        <test-method status="PASS" signature="beforeClass()[pri:0, instance:com.zzkg.cases.gift.ExchangeGift@3ecf72fd]" name="beforeClass" is-config="true" duration-ms="62" started-at="2017-08-25T23:20:49Z" finished-at="2017-08-25T23:20:49Z">
          <reporter-output>
          </reporter-output>
        </test-method> <!-- beforeClass -->
        <test-method status="PASS" signature="beforeMethod()[pri:0, instance:com.zzkg.cases.gift.ExchangeGift@3ecf72fd]" name="beforeMethod" is-config="true" duration-ms="672" started-at="2017-08-25T23:20:50Z" finished-at="2017-08-25T23:20:50Z">
          <reporter-output>
          </reporter-output>
        </test-method> <!-- beforeMethod -->
        <test-method status="PASS" signature="exchangeGift(java.lang.String, java.lang.String, java.lang.String, java.lang.String)[pri:1, instance:com.zzkg.cases.gift.ExchangeGift@3ecf72fd]" name="exchangeGift" duration-ms="407" started-at="2017-08-25T23:20:50Z" data-provider="exchangeGift" finished-at="2017-08-25T23:20:51Z">
          <params>
            <param index="0">
              <value>
                <![CDATA[-3]]>
              </value>
            </param>
            <param index="1">
              <value>
                <![CDATA[994140]]>
              </value>
            </param>
            <param index="2">
              <value>
                <![CDATA[true]]>
              </value>
            </param>
            <param index="3">
              <value>
                <![CDATA[购买数量不能为负数]]>
              </value>
            </param>
          </params>
          <reporter-output>
          </reporter-output>
        </test-method> <!-- exchangeGift -->
        <test-method status="PASS" signature="afterMethod()[pri:0, instance:com.zzkg.cases.gift.ExchangeGift@3ecf72fd]" name="afterMethod" is-config="true" duration-ms="0" started-at="2017-08-25T23:20:51Z" finished-at="2017-08-25T23:20:51Z">
          <reporter-output>
          </reporter-output>
        </test-method> <!-- afterMethod -->
        <test-method status="PASS" signature="beforeMethod()[pri:0, instance:com.zzkg.cases.gift.ExchangeGift@3ecf72fd]" name="beforeMethod" is-config="true" duration-ms="410" started-at="2017-08-25T23:20:51Z" finished-at="2017-08-25T23:20:51Z">
          <reporter-output>
          </reporter-output>
        </test-method> <!-- beforeMethod -->
        <test-method status="PASS" signature="exchangeGift(java.lang.String, java.lang.String, java.lang.String, java.lang.String)[pri:1, instance:com.zzkg.cases.gift.ExchangeGift@3ecf72fd]" name="exchangeGift" duration-ms="422" started-at="2017-08-25T23:20:51Z" data-provider="exchangeGift" finished-at="2017-08-25T23:20:52Z">
          <params>
            <param index="0">
              <value>
                <![CDATA[0]]>
              </value>
            </param>
            <param index="1">
              <value>
                <![CDATA[994140]]>
              </value>
            </param>
            <param index="2">
              <value>
                <![CDATA[true]]>
              </value>
            </param>
            <param index="3">
              <value>
                <![CDATA[兑换成功]]>
              </value>
            </param>
          </params>
          <reporter-output>
          </reporter-output>
        </test-method> <!-- exchangeGift -->
        <test-method status="PASS" signature="afterMethod()[pri:0, instance:com.zzkg.cases.gift.ExchangeGift@3ecf72fd]" name="afterMethod" is-config="true" duration-ms="0" started-at="2017-08-25T23:20:52Z" finished-at="2017-08-25T23:20:52Z">
          <reporter-output>
          </reporter-output>
        </test-method> <!-- afterMethod -->
        <test-method status="PASS" signature="beforeMethod()[pri:0, instance:com.zzkg.cases.gift.ExchangeGift@3ecf72fd]" name="beforeMethod" is-config="true" duration-ms="391" started-at="2017-08-25T23:20:52Z" finished-at="2017-08-25T23:20:52Z">
          <reporter-output>
          </reporter-output>
        </test-method> <!-- beforeMethod -->
        <test-method status="PASS" signature="exchangeGift(java.lang.String, java.lang.String, java.lang.String, java.lang.String)[pri:1, instance:com.zzkg.cases.gift.ExchangeGift@3ecf72fd]" name="exchangeGift" duration-ms="406" started-at="2017-08-25T23:20:52Z" data-provider="exchangeGift" finished-at="2017-08-25T23:20:52Z">
          <params>
            <param index="0">
              <value>
                <![CDATA[2]]>
              </value>
            </param>
            <param index="1">
              <value>
                <![CDATA[994140]]>
              </value>
            </param>
            <param index="2">
              <value>
                <![CDATA[true]]>
              </value>
            </param>
            <param index="3">
              <value>
                <![CDATA[兑换成功]]>
              </value>
            </param>
          </params>
          <reporter-output>
          </reporter-output>
        </test-method> <!-- exchangeGift -->
        <test-method status="PASS" signature="beforeMethod()[pri:0, instance:com.zzkg.cases.gift.ExchangeGift@3ecf72fd]" name="beforeMethod" is-config="true" duration-ms="453" started-at="2017-08-25T23:20:52Z" finished-at="2017-08-25T23:20:53Z">
          <reporter-output>
          </reporter-output>
        </test-method> <!-- beforeMethod -->
        <test-method status="PASS" signature="afterMethod()[pri:0, instance:com.zzkg.cases.gift.ExchangeGift@3ecf72fd]" name="afterMethod" is-config="true" duration-ms="0" started-at="2017-08-25T23:20:52Z" finished-at="2017-08-25T23:20:52Z">
          <reporter-output>
          </reporter-output>
        </test-method> <!-- afterMethod -->
        <test-method status="FAIL" signature="exchangeGift(java.lang.String, java.lang.String, java.lang.String, java.lang.String)[pri:1, instance:com.zzkg.cases.gift.ExchangeGift@3ecf72fd]" name="exchangeGift" duration-ms="360" started-at="2017-08-25T23:20:53Z" data-provider="exchangeGift" finished-at="2017-08-25T23:20:53Z">
          <params>
            <param index="0">
              <value>
                <![CDATA[10000]]>
              </value>
            </param>
            <param index="1">
              <value>
                <![CDATA[994140]]>
              </value>
            </param>
            <param index="2">
              <value>
                <![CDATA[true]]>
              </value>
            </param>
            <param index="3">
              <value>
                <![CDATA[积分不足]]>
              </value>
            </param>
          </params>
          <exception class="java.lang.AssertionError">
            <message>
              <![CDATA[expected [true] but found [false]]]>
            </message>
            <full-stacktrace>
              <![CDATA[java.lang.AssertionError: expected [true] but found [false]
	at org.testng.Assert.fail(Assert.java:94)
	at org.testng.Assert.failNotEquals(Assert.java:496)
	at org.testng.Assert.assertTrue(Assert.java:42)
	at org.testng.Assert.assertTrue(Assert.java:52)
	at com.zzkg.cases.gift.ExchangeGift.exchangeGift(ExchangeGift.java:38)
	at sun.reflect.NativeMethodAccessorImpl.invoke0(Native Method)
	at sun.reflect.NativeMethodAccessorImpl.invoke(Unknown Source)
	at sun.reflect.DelegatingMethodAccessorImpl.invoke(Unknown Source)
	at java.lang.reflect.Method.invoke(Unknown Source)
	at org.testng.internal.MethodInvocationHelper.invokeMethod(MethodInvocationHelper.java:85)
	at org.testng.internal.Invoker.invokeMethod(Invoker.java:639)
	at org.testng.internal.Invoker.invokeTestMethod(Invoker.java:816)
	at org.testng.internal.Invoker.invokeTestMethods(Invoker.java:1124)
	at org.testng.internal.TestMethodWorker.invokeTestMethods(TestMethodWorker.java:125)
	at org.testng.internal.TestMethodWorker.run(TestMethodWorker.java:108)
	at org.testng.TestRunner.privateRun(TestRunner.java:774)
	at org.testng.TestRunner.run(TestRunner.java:624)
	at org.testng.SuiteRunner.runTest(SuiteRunner.java:359)
	at org.testng.SuiteRunner.runSequentially(SuiteRunner.java:354)
	at org.testng.SuiteRunner.privateRun(SuiteRunner.java:312)
	at org.testng.SuiteRunner.run(SuiteRunner.java:261)
	at org.testng.SuiteRunnerWorker.runSuite(SuiteRunnerWorker.java:52)
	at org.testng.SuiteRunnerWorker.run(SuiteRunnerWorker.java:86)
	at org.testng.TestNG.runSuitesSequentially(TestNG.java:1215)
	at org.testng.TestNG.runSuitesLocally(TestNG.java:1140)
	at org.testng.TestNG.run(TestNG.java:1048)
	at org.testng.TestNG.privateMain(TestNG.java:1355)
	at org.testng.TestNG.main(TestNG.java:1324)
]]>
            </full-stacktrace>
          </exception> <!-- java.lang.AssertionError -->
          <reporter-output>
          </reporter-output>
        </test-method> <!-- exchangeGift -->
        <test-method status="PASS" signature="beforeMethod()[pri:0, instance:com.zzkg.cases.gift.ExchangeGift@3ecf72fd]" name="beforeMethod" is-config="true" duration-ms="375" started-at="2017-08-25T23:20:53Z" finished-at="2017-08-25T23:20:54Z">
          <reporter-output>
          </reporter-output>
        </test-method> <!-- beforeMethod -->
        <test-method status="PASS" signature="afterMethod()[pri:0, instance:com.zzkg.cases.gift.ExchangeGift@3ecf72fd]" name="afterMethod" is-config="true" duration-ms="0" started-at="2017-08-25T23:20:53Z" finished-at="2017-08-25T23:20:53Z">
          <reporter-output>
          </reporter-output>
        </test-method> <!-- afterMethod -->
        <test-method status="PASS" signature="exchangeGift(java.lang.String, java.lang.String, java.lang.String, java.lang.String)[pri:1, instance:com.zzkg.cases.gift.ExchangeGift@3ecf72fd]" name="exchangeGift" duration-ms="406" started-at="2017-08-25T23:20:54Z" data-provider="exchangeGift" finished-at="2017-08-25T23:20:54Z">
          <params>
            <param index="0">
              <value>
                <![CDATA[5]]>
              </value>
            </param>
            <param index="1">
              <value>
                <![CDATA[994141]]>
              </value>
            </param>
            <param index="2">
              <value>
                <![CDATA[true]]>
              </value>
            </param>
            <param index="3">
              <value>
                <![CDATA[没有足够的库存]]>
              </value>
            </param>
          </params>
          <reporter-output>
          </reporter-output>
        </test-method> <!-- exchangeGift -->
        <test-method status="PASS" signature="afterMethod()[pri:0, instance:com.zzkg.cases.gift.ExchangeGift@3ecf72fd]" name="afterMethod" is-config="true" duration-ms="0" started-at="2017-08-25T23:20:54Z" finished-at="2017-08-25T23:20:54Z">
          <reporter-output>
          </reporter-output>
        </test-method> <!-- afterMethod -->
        <test-method status="PASS" signature="afterClass()[pri:0, instance:com.zzkg.cases.gift.ExchangeGift@3ecf72fd]" name="afterClass" is-config="true" duration-ms="0" started-at="2017-08-25T23:20:54Z" finished-at="2017-08-25T23:20:54Z">
          <reporter-output>
          </reporter-output>
        </test-method> <!-- afterClass -->
      </class> <!-- com.zzkg.cases.gift.ExchangeGift -->
    </test> <!-- api -->
  </suite> <!-- Suite -->
</testng-results>
