<?xml version="1.0" encoding="UTF-8"?>
<testng-results skipped="0" failed="0" ignored="0" total="1" passed="1">
  <reporter-output>
  </reporter-output>
  <suite name="Suite" duration-ms="1530" started-at="2017-09-04T09:37:29Z" finished-at="2017-09-04T09:37:30Z">
    <groups>
    </groups>
    <test name="api" duration-ms="1530" started-at="2017-09-04T09:37:29Z" finished-at="2017-09-04T09:37:30Z">
      <class name="com.zzkg.cases.find.FindModule">
        <test-method status="PASS" signature="beforeClass()[pri:0, instance:com.zzkg.cases.find.FindModule@55f3ddb1]" name="beforeClass" is-config="true" duration-ms="63" started-at="2017-09-04T17:37:29Z" finished-at="2017-09-04T17:37:29Z">
          <reporter-output>
          </reporter-output>
        </test-method> <!-- beforeClass -->
        <test-method status="PASS" signature="quickBuy(java.lang.String, java.lang.String)[pri:1, instance:com.zzkg.cases.find.FindModule@55f3ddb1]" name="quickBuy" duration-ms="934" started-at="2017-09-04T17:37:29Z" data-provider="quickBuy" finished-at="2017-09-04T17:37:30Z">
          <params>
            <param index="0">
              <value>
                <![CDATA[[{"dealCount":1,"dealId":951142},{"dealCount":1,"dealId":947124},{"dealCount":1,"dealId":947128}]]]>
              </value>
            </param>
            <param index="1">
              <value>
                <![CDATA[加入购物车成功]]>
              </value>
            </param>
          </params>
          <reporter-output>
          </reporter-output>
        </test-method> <!-- quickBuy -->
        <test-method status="PASS" signature="afterClass()[pri:0, instance:com.zzkg.cases.find.FindModule@55f3ddb1]" name="afterClass" is-config="true" duration-ms="0" started-at="2017-09-04T17:37:30Z" finished-at="2017-09-04T17:37:30Z">
          <reporter-output>
          </reporter-output>
        </test-method> <!-- afterClass -->
      </class> <!-- com.zzkg.cases.find.FindModule -->
    </test> <!-- api -->
  </suite> <!-- Suite -->
</testng-results>
