<?xml version="1.0" encoding="UTF-8"?>
<testng-results skipped="0" failed="0" ignored="0" total="1" passed="1">
  <reporter-output>
  </reporter-output>
  <suite name="Suite" duration-ms="916" started-at="2017-08-23T10:28:11Z" finished-at="2017-08-23T10:28:12Z">
    <groups>
    </groups>
    <test name="api" duration-ms="916" started-at="2017-08-23T10:28:11Z" finished-at="2017-08-23T10:28:12Z">
      <class name="test.NewTest">
        <test-method status="PASS" signature="beforeClass()[pri:0, instance:test.NewTest@cc285f4]" name="beforeClass" is-config="true" duration-ms="83" started-at="2017-08-23T18:28:11Z" finished-at="2017-08-23T18:28:11Z">
          <reporter-output>
          </reporter-output>
        </test-method> <!-- beforeClass -->
        <test-method status="PASS" signature="newTest()[pri:0, instance:test.NewTest@cc285f4]" name="newTest" duration-ms="818" started-at="2017-08-23T18:28:11Z" finished-at="2017-08-23T18:28:12Z">
          <reporter-output>
          </reporter-output>
        </test-method> <!-- newTest -->
        <test-method status="PASS" signature="afterClass()[pri:0, instance:test.NewTest@cc285f4]" name="afterClass" is-config="true" duration-ms="1" started-at="2017-08-23T18:28:12Z" finished-at="2017-08-23T18:28:12Z">
          <reporter-output>
          </reporter-output>
        </test-method> <!-- afterClass -->
      </class> <!-- test.NewTest -->
    </test> <!-- api -->
  </suite> <!-- Suite -->
</testng-results>
