<?xml version="1.0" encoding="UTF-8"?>
<testng-results skipped="0" failed="0" ignored="0" total="2" passed="2">
  <reporter-output>
  </reporter-output>
  <suite name="Suite" duration-ms="2427" started-at="2017-08-24T15:27:25Z" finished-at="2017-08-24T15:27:27Z">
    <groups>
    </groups>
    <test name="api" duration-ms="2427" started-at="2017-08-24T15:27:25Z" finished-at="2017-08-24T15:27:27Z">
      <class name="com.zzkg.cases.gift.ExchangeGift">
        <test-method status="PASS" signature="beforeClass()[pri:0, instance:com.zzkg.cases.gift.ExchangeGift@8bd1b6a]" name="beforeClass" is-config="true" duration-ms="53" started-at="2017-08-24T23:27:25Z" finished-at="2017-08-24T23:27:25Z">
          <reporter-output>
          </reporter-output>
        </test-method> <!-- beforeClass -->
        <test-method status="PASS" signature="beforeMethod()[pri:0, instance:com.zzkg.cases.gift.ExchangeGift@8bd1b6a]" name="beforeMethod" is-config="true" duration-ms="1060" started-at="2017-08-24T23:27:25Z" finished-at="2017-08-24T23:27:26Z">
          <reporter-output>
          </reporter-output>
        </test-method> <!-- beforeMethod -->
        <test-method status="PASS" signature="negativeNumber()[pri:0, instance:com.zzkg.cases.gift.ExchangeGift@8bd1b6a]" name="negativeNumber" duration-ms="434" started-at="2017-08-24T23:27:26Z" finished-at="2017-08-24T23:27:27Z">
          <reporter-output>
          </reporter-output>
        </test-method> <!-- negativeNumber -->
        <test-method status="PASS" signature="afterMethod()[pri:0, instance:com.zzkg.cases.gift.ExchangeGift@8bd1b6a]" name="afterMethod" is-config="true" duration-ms="0" started-at="2017-08-24T23:27:27Z" finished-at="2017-08-24T23:27:27Z">
          <reporter-output>
          </reporter-output>
        </test-method> <!-- afterMethod -->
        <test-method status="PASS" signature="beforeMethod()[pri:0, instance:com.zzkg.cases.gift.ExchangeGift@8bd1b6a]" name="beforeMethod" is-config="true" duration-ms="428" started-at="2017-08-24T23:27:27Z" finished-at="2017-08-24T23:27:27Z">
          <reporter-output>
          </reporter-output>
        </test-method> <!-- beforeMethod -->
        <test-method status="PASS" signature="zeroNumber()[pri:0, instance:com.zzkg.cases.gift.ExchangeGift@8bd1b6a]" name="zeroNumber" duration-ms="430" started-at="2017-08-24T23:27:27Z" finished-at="2017-08-24T23:27:27Z">
          <reporter-output>
          </reporter-output>
        </test-method> <!-- zeroNumber -->
        <test-method status="PASS" signature="afterClass()[pri:0, instance:com.zzkg.cases.gift.ExchangeGift@8bd1b6a]" name="afterClass" is-config="true" duration-ms="1" started-at="2017-08-24T23:27:27Z" finished-at="2017-08-24T23:27:27Z">
          <reporter-output>
          </reporter-output>
        </test-method> <!-- afterClass -->
        <test-method status="PASS" signature="afterMethod()[pri:0, instance:com.zzkg.cases.gift.ExchangeGift@8bd1b6a]" name="afterMethod" is-config="true" duration-ms="0" started-at="2017-08-24T23:27:27Z" finished-at="2017-08-24T23:27:27Z">
          <reporter-output>
          </reporter-output>
        </test-method> <!-- afterMethod -->
      </class> <!-- com.zzkg.cases.gift.ExchangeGift -->
    </test> <!-- api -->
  </suite> <!-- Suite -->
</testng-results>
