<?xml version="1.0" encoding="UTF-8"?>
<testng-results skipped="0" failed="1" ignored="3" total="7" passed="3">
  <reporter-output>
  </reporter-output>
  <suite name="Suite" duration-ms="8169" started-at="2017-09-11T10:21:40Z" finished-at="2017-09-11T10:21:48Z">
    <groups>
      <group name="P1">
        <method signature="ZzkgApiCases.addGoodsToCart(java.lang.String, java.lang.String)[pri:0, instance:com.zzkg.apicases.ZzkgApiCases@46d56d67]" name="addGoodsToCart" class="com.zzkg.apicases.ZzkgApiCases"/>
      </group> <!-- P1 -->
    </groups>
    <test name="zzkgApiTest" duration-ms="8169" started-at="2017-09-11T10:21:40Z" finished-at="2017-09-11T10:21:48Z">
      <class name="com.zzkg.apicases.ZzkgApiCases">
        <test-method status="PASS" signature="beforeClass()[pri:0, instance:com.zzkg.apicases.ZzkgApiCases@46d56d67]" name="beforeClass" is-config="true" duration-ms="2110" started-at="2017-09-11T18:21:40Z" finished-at="2017-09-11T18:21:42Z">
          <reporter-output>
          </reporter-output>
        </test-method> <!-- beforeClass -->
        <test-method status="PASS" signature="beforeMethod()[pri:0, instance:com.zzkg.apicases.ZzkgApiCases@46d56d67]" name="beforeMethod" is-config="true" duration-ms="507" started-at="2017-09-11T18:21:42Z" finished-at="2017-09-11T18:21:42Z">
          <reporter-output>
          </reporter-output>
        </test-method> <!-- beforeMethod -->
        <test-method status="PASS" signature="addGoodsToCart(java.lang.String, java.lang.String)[pri:0, instance:com.zzkg.apicases.ZzkgApiCases@46d56d67]" name="addGoodsToCart" duration-ms="513" started-at="2017-09-11T18:21:42Z" data-provider="buyProcess" finished-at="2017-09-11T18:21:43Z">
          <params>
            <param index="0">
              <value>
                <![CDATA[{"dealId":991824,"odLabelId":"-1","limitFlag":false,"selected":false,"specId":924116,"dealCount":1}]]>
              </value>
            </param>
            <param index="1">
              <value>
                <![CDATA[允许购买]]>
              </value>
            </param>
          </params>
          <reporter-output>
          </reporter-output>
        </test-method> <!-- addGoodsToCart -->
        <test-method status="PASS" signature="afterMethod()[pri:0, instance:com.zzkg.apicases.ZzkgApiCases@46d56d67]" name="afterMethod" is-config="true" duration-ms="485" started-at="2017-09-11T18:21:43Z" finished-at="2017-09-11T18:21:43Z">
          <reporter-output>
          </reporter-output>
        </test-method> <!-- afterMethod -->
        <test-method status="PASS" signature="beforeMethod()[pri:0, instance:com.zzkg.apicases.ZzkgApiCases@46d56d67]" name="beforeMethod" is-config="true" duration-ms="445" started-at="2017-09-11T18:21:43Z" finished-at="2017-09-11T18:21:44Z">
          <reporter-output>
          </reporter-output>
        </test-method> <!-- beforeMethod -->
        <test-method status="FAIL" signature="addGoodsToCart(java.lang.String, java.lang.String)[pri:0, instance:com.zzkg.apicases.ZzkgApiCases@46d56d67]" name="addGoodsToCart" duration-ms="448" started-at="2017-09-11T18:21:44Z" data-provider="buyProcess" finished-at="2017-09-11T18:21:44Z">
          <params>
            <param index="0">
              <value>
                <![CDATA[{"dealId":991824,"odLabelId":"-1","limitFlag":false,"selected":false,"specId":924116,"dealCount":0}]]>
              </value>
            </param>
            <param index="1">
              <value>
                <![CDATA[商品数量不能为0]]>
              </value>
            </param>
          </params>
          <exception class="java.lang.AssertionError">
            <message>
              <![CDATA[expected [true] but found [false]]]>
            </message>
            <full-stacktrace>
              <![CDATA[java.lang.AssertionError: expected [true] but found [false]
	at org.testng.Assert.fail(Assert.java:93)
	at org.testng.Assert.failNotEquals(Assert.java:512)
	at org.testng.Assert.assertTrue(Assert.java:41)
	at org.testng.Assert.assertTrue(Assert.java:51)
	at com.zzkg.apicases.ZzkgApiCases.addGoodsToCart(ZzkgApiCases.java:36)
	at sun.reflect.NativeMethodAccessorImpl.invoke0(Native Method)
	at sun.reflect.NativeMethodAccessorImpl.invoke(Unknown Source)
	at sun.reflect.DelegatingMethodAccessorImpl.invoke(Unknown Source)
	at java.lang.reflect.Method.invoke(Unknown Source)
	at org.testng.internal.MethodInvocationHelper.invokeMethod(MethodInvocationHelper.java:108)
	at org.testng.internal.Invoker.invokeMethod(Invoker.java:661)
	at org.testng.internal.Invoker.invokeTestMethod(Invoker.java:869)
	at org.testng.internal.Invoker.invokeTestMethods(Invoker.java:1193)
	at org.testng.internal.TestMethodWorker.invokeTestMethods(TestMethodWorker.java:126)
	at org.testng.internal.TestMethodWorker.run(TestMethodWorker.java:109)
	at org.testng.TestRunner.privateRun(TestRunner.java:744)
	at org.testng.TestRunner.run(TestRunner.java:602)
	at org.testng.SuiteRunner.runTest(SuiteRunner.java:380)
	at org.testng.SuiteRunner.runSequentially(SuiteRunner.java:375)
	at org.testng.SuiteRunner.privateRun(SuiteRunner.java:340)
	at org.testng.SuiteRunner.run(SuiteRunner.java:289)
	at org.testng.SuiteRunnerWorker.runSuite(SuiteRunnerWorker.java:52)
	at org.testng.SuiteRunnerWorker.run(SuiteRunnerWorker.java:86)
	at org.testng.TestNG.runSuitesSequentially(TestNG.java:1301)
	at org.testng.TestNG.runSuitesLocally(TestNG.java:1226)
	at org.testng.TestNG.runSuites(TestNG.java:1144)
	at org.testng.TestNG.run(TestNG.java:1115)
	at org.testng.remote.AbstractRemoteTestNG.run(AbstractRemoteTestNG.java:132)
	at org.testng.remote.RemoteTestNG.initAndRun(RemoteTestNG.java:230)
	at org.testng.remote.RemoteTestNG.main(RemoteTestNG.java:76)
]]>
            </full-stacktrace>
          </exception> <!-- java.lang.AssertionError -->
          <reporter-output>
          </reporter-output>
        </test-method> <!-- addGoodsToCart -->
        <test-method status="PASS" signature="afterMethod()[pri:0, instance:com.zzkg.apicases.ZzkgApiCases@46d56d67]" name="afterMethod" is-config="true" duration-ms="474" started-at="2017-09-11T18:21:44Z" finished-at="2017-09-11T18:21:45Z">
          <reporter-output>
          </reporter-output>
        </test-method> <!-- afterMethod -->
        <test-method status="PASS" signature="beforeMethod()[pri:0, instance:com.zzkg.apicases.ZzkgApiCases@46d56d67]" name="beforeMethod" is-config="true" duration-ms="424" started-at="2017-09-11T18:21:45Z" finished-at="2017-09-11T18:21:45Z">
          <reporter-output>
          </reporter-output>
        </test-method> <!-- beforeMethod -->
        <test-method status="PASS" signature="addGoodsToCart(java.lang.String, java.lang.String)[pri:0, instance:com.zzkg.apicases.ZzkgApiCases@46d56d67]" name="addGoodsToCart" duration-ms="413" started-at="2017-09-11T18:21:45Z" data-provider="buyProcess" finished-at="2017-09-11T18:21:46Z">
          <params>
            <param index="0">
              <value>
                <![CDATA[{"dealId":991824,"odLabelId":"-1","limitFlag":false,"selected":false,"specId":924116,"dealCount":-1}]]>
              </value>
            </param>
            <param index="1">
              <value>
                <![CDATA[购买数量不能为负数]]>
              </value>
            </param>
          </params>
          <reporter-output>
          </reporter-output>
        </test-method> <!-- addGoodsToCart -->
        <test-method status="PASS" signature="afterMethod()[pri:0, instance:com.zzkg.apicases.ZzkgApiCases@46d56d67]" name="afterMethod" is-config="true" duration-ms="446" started-at="2017-09-11T18:21:46Z" finished-at="2017-09-11T18:21:46Z">
          <reporter-output>
          </reporter-output>
        </test-method> <!-- afterMethod -->
        <test-method status="PASS" signature="beforeMethod()[pri:0, instance:com.zzkg.apicases.ZzkgApiCases@46d56d67]" name="beforeMethod" is-config="true" duration-ms="461" started-at="2017-09-11T18:21:46Z" finished-at="2017-09-11T18:21:46Z">
          <reporter-output>
          </reporter-output>
        </test-method> <!-- beforeMethod -->
        <test-method status="PASS" signature="addGoodsToCart(java.lang.String, java.lang.String)[pri:0, instance:com.zzkg.apicases.ZzkgApiCases@46d56d67]" name="addGoodsToCart" duration-ms="492" started-at="2017-09-11T18:21:46Z" data-provider="buyProcess" finished-at="2017-09-11T18:21:47Z">
          <params>
            <param index="0">
              <value>
                <![CDATA[{"dealId":991824,"odLabelId":"-1","limitFlag":false,"selected":false,"specId":924116,"dealCount":1000}]]>
              </value>
            </param>
            <param index="1">
              <value>
                <![CDATA[没有足够的库存]]>
              </value>
            </param>
          </params>
          <reporter-output>
          </reporter-output>
        </test-method> <!-- addGoodsToCart -->
        <test-method status="PASS" signature="afterMethod()[pri:0, instance:com.zzkg.apicases.ZzkgApiCases@46d56d67]" name="afterMethod" is-config="true" duration-ms="414" started-at="2017-09-11T18:21:47Z" finished-at="2017-09-11T18:21:47Z">
          <reporter-output>
          </reporter-output>
        </test-method> <!-- afterMethod -->
        <test-method status="PASS" signature="afterClass()[pri:0, instance:com.zzkg.apicases.ZzkgApiCases@46d56d67]" name="afterClass" is-config="true" duration-ms="462" started-at="2017-09-11T18:21:47Z" finished-at="2017-09-11T18:21:48Z">
          <reporter-output>
          </reporter-output>
        </test-method> <!-- afterClass -->
      </class> <!-- com.zzkg.apicases.ZzkgApiCases -->
    </test> <!-- zzkgApiTest -->
  </suite> <!-- Suite -->
</testng-results>
